\BOOKMARK [1][-]{Doc-Start}{\376\377\000A\000b\000s\000t\000r\000a\000c\000t}{}% 1
\BOOKMARK [1][-]{Doc-Start}{\376\377\000A\000c\000k\000n\000o\000w\000l\000e\000d\000g\000e\000m\000e\000n\000t\000s}{}% 2
\BOOKMARK [1][-]{Doc-Start}{\376\377\000L\000i\000s\000t\000\040\000o\000f\000\040\000F\000i\000g\000u\000r\000e\000s}{}% 3
\BOOKMARK [1][-]{Doc-Start}{\376\377\000L\000i\000s\000t\000\040\000o\000f\000\040\000F\000i\000g\000u\000r\000e\000s}{}% 4
\BOOKMARK [1][-]{Doc-Start}{\376\377\000L\000i\000s\000t\000\040\000o\000f\000\040\000T\000a\000b\000l\000e\000s}{}% 5
\BOOKMARK [1][-]{Doc-Start}{\376\377\000L\000i\000s\000t\000\040\000o\000f\000\040\000A\000p\000p\000e\000n\000d\000i\000x\000\040\000F\000i\000g\000u\000r\000e\000s}{}% 6
\BOOKMARK [1][-]{Doc-Start}{\376\377\000N\000o\000m\000e\000n\000c\000l\000a\000t\000u\000r\000e}{}% 7
\BOOKMARK [1][-]{section.1}{\376\377\000I\000n\000t\000r\000o\000d\000u\000c\000t\000i\000o\000n}{}% 8
\BOOKMARK [2][-]{subsection.1.1}{\376\377\000M\000o\000t\000i\000v\000a\000t\000i\000o\000n\000\040\000f\000o\000r\000\040\000R\000e\000s\000e\000a\000r\000c\000h}{section.1}% 9
\BOOKMARK [2][-]{subsection.1.2}{\376\377\000O\000b\000j\000e\000c\000t\000i\000v\000e\000s}{section.1}% 10
\BOOKMARK [2][-]{subsection.1.3}{\376\377\000S\000c\000o\000p\000e\000\040\000o\000f\000\040\000W\000o\000r\000k}{section.1}% 11
\BOOKMARK [2][-]{subsection.1.4}{\376\377\000O\000r\000g\000a\000n\000i\000s\000a\000t\000i\000o\000n\000\040\000o\000f\000\040\000R\000e\000p\000o\000r\000t}{section.1}% 12
\BOOKMARK [1][-]{section.2}{\376\377\000L\000i\000t\000e\000r\000a\000t\000u\000r\000e\000\040\000R\000e\000v\000i\000e\000w}{}% 13
\BOOKMARK [2][-]{subsection.2.1}{\376\377\000C\000o\000n\000n\000e\000c\000t\000i\000o\000n\000\040\000t\000o\000\040\000\050\000F\000r\000e\000e\000\051\000\040\000G\000r\000o\000u\000p\000\040\000T\000h\000e\000o\000r\000y}{section.2}% 14
\BOOKMARK [2][-]{subsection.2.2}{\376\377\000C\000o\000n\000n\000e\000c\000t\000i\000o\000n\000\040\000t\000o\000\040\000B\000o\000r\000r\000o\000m\000e\000a\000n\000\040\000a\000n\000d\000\040\000B\000r\000u\000n\000n\000i\000a\000n\000\040\000L\000i\000n\000k\000s}{section.2}% 15
\BOOKMARK [2][-]{subsection.2.3}{\376\377\000R\000e\000s\000e\000a\000r\000c\000h\000\040\000G\000a\000p\000s}{section.2}% 16
\BOOKMARK [1][-]{section.3}{\376\377\000R\000e\000s\000e\000a\000r\000c\000h\000\040\000M\000e\000t\000h\000o\000d\000o\000l\000o\000g\000y}{}% 17
\BOOKMARK [2][-]{subsection.3.1}{\376\377\000S\000c\000o\000p\000e\000\040\000o\000f\000\040\000I\000n\000v\000e\000s\000t\000i\000g\000a\000t\000i\000o\000n}{section.3}% 18
\BOOKMARK [1][-]{section.4}{\376\377\000M\000o\000d\000e\000l\000\040\000S\000e\000t\000u\000p}{}% 19
\BOOKMARK [2][-]{subsection.4.1}{\376\377\000O\000r\000i\000g\000i\000n\000a\000l\000\040\000a\000n\000d\000\040\000T\000r\000a\000n\000s\000f\000o\000r\000m\000e\000d\000\040\000C\000o\000n\000s\000t\000r\000u\000c\000t\000i\000o\000n\000s\000\040\000f\000o\000r\000\040\000n\000=\0002}{section.4}% 20
\BOOKMARK [2][-]{subsection.4.2}{\376\377\000O\000r\000i\000g\000i\000n\000a\000l\000\040\000a\000n\000d\000\040\000T\000r\000a\000n\000s\000f\000o\000r\000m\000e\000d\000\040\000C\000o\000n\000s\000t\000r\000u\000c\000t\000i\000o\000n\000s\000\040\000f\000o\000r\000\040\000n\000=\0003}{section.4}% 21
\BOOKMARK [2][-]{subsection.4.3}{\376\377\000O\000r\000i\000g\000i\000n\000a\000l\000\040\000a\000n\000d\000\040\000T\000r\000a\000n\000s\000f\000o\000r\000m\000e\000d\000\040\000C\000o\000n\000s\000t\000r\000u\000c\000t\000i\000o\000n\000s\000\040\000f\000o\000r\000\040\000n\000\040\000N}{section.4}% 22
\BOOKMARK [1][-]{section.5}{\376\377\000R\000e\000s\000u\000l\000t\000s}{}% 23
\BOOKMARK [2][-]{subsection.5.1}{\376\377\000P\000r\000o\000p\000o\000s\000i\000t\000i\000o\000n\000\040\0001\000:}{section.5}% 24
\BOOKMARK [2][-]{subsection.5.2}{\376\377\000P\000r\000o\000p\000o\000s\000i\000t\000i\000o\000n\000\040\0002\000:\000\040}{section.5}% 25
\BOOKMARK [1][-]{section.6}{\376\377\000C\000o\000n\000c\000l\000u\000s\000i\000o\000n\000s\000\040\000a\000n\000d\000\040\000R\000e\000c\000o\000m\000m\000e\000n\000d\000a\000t\000i\000o\000n\000s}{}% 26
\BOOKMARK [2][-]{subsection.6.1}{\376\377\000C\000o\000n\000c\000l\000u\000s\000i\000o\000n\000s}{section.6}% 27
\BOOKMARK [2][-]{subsection.6.2}{\376\377\000R\000e\000c\000o\000m\000m\000e\000n\000d\000a\000t\000i\000o\000n\000s\000\040\000f\000o\000r\000\040\000F\000u\000t\000u\000r\000e\000\040\000W\000o\000r\000k}{section.6}% 28
\BOOKMARK [1][-]{subsection.6.2}{\376\377\000R\000e\000f\000e\000r\000e\000n\000c\000e\000s}{}% 29
\BOOKMARK [1][-]{subsection.6.2}{\376\377\000A\000p\000p\000e\000n\000d\000i\000x\000\040\000A\000\040\000-\000\040\000P\000y\000t\000h\000o\000n\000\040\000C\000o\000d\000e\000\040\000f\000o\000r\000\040\000C\000o\000n\000w\000a\000y\000\040\000P\000o\000l\000y\000n\000o\000m\000i\000a\000l\000\040\000C\000o\000m\000p\000u\000t\000a\000t\000i\000o\000n}{}% 30
\BOOKMARK [1][-]{lstnumber.-1.19}{\376\377\000A\000p\000p\000e\000n\000d\000i\000x\000\040\000B\000\040\000-\000\040\000D\000i\000c\000t\000i\000o\000n\000a\000r\000y\000\040\000o\000f\000\040\000B\000r\000a\000i\000d\000\040\000W\000o\000r\000d\000s}{}% 31
\BOOKMARK [1][-]{lstnumber.-2.28}{\376\377\000A\000p\000p\000e\000n\000d\000i\000x\000\040\000C\000\040\000-\000\040\000T\000e\000x\000t\000\040\000o\000u\000t\000p\000u\000t\000\040\000o\000f\000\040\000P\000y\000t\000h\000o\000n\000\040\000C\000o\000d\000e\000\040\000i\000n\000\040\000[\000a\000p\000p\000e\000n\000A\000]\000A\000p\000p\000e\000n\000d\000i\000x\000\040\000A}{}% 32
\BOOKMARK [1][-]{lstnumber.-3.40}{\376\377\000A\000p\000p\000e\000n\000d\000i\000x\000\040\000D\000\040\000-\000\040\000F\000i\000g\000u\000r\000e\000s\000\040\000f\000r\000o\000m\000\040\000P\000y\000t\000h\000o\000n\000\040\000C\000o\000d\000e\000\040\000i\000n\000\040\000[\000a\000p\000p\000e\000n\000A\000]\000A\000p\000p\000e\000n\000d\000i\000x\000\040\000A}{}% 33
